Performing C SOURCE FILE Test WITH_STACK_PROTECTOR failed with the following output:
Change Dir: /home/jacob/Repos/ECEN5013_Project2/3rd-party/build-Debug/cmocka/CMakeFiles/CMakeTmp

Run Build Command:"/usr/bin/make" "cmTC_fe3af/fast"
make[2]: Entering directory '/home/jacob/Repos/ECEN5013_Project2/3rd-party/build-Debug/cmocka/CMakeFiles/CMakeTmp'
/usr/bin/make -f CMakeFiles/cmTC_fe3af.dir/build.make CMakeFiles/cmTC_fe3af.dir/build
make[3]: Entering directory '/home/jacob/Repos/ECEN5013_Project2/3rd-party/build-Debug/cmocka/CMakeFiles/CMakeTmp'
Building C object CMakeFiles/cmTC_fe3af.dir/src.c.o
/usr/bin/cc    -std=c99 -Wall -Werror -g -O0 -I 3rd-party/build-Debug/include  -std=gnu99 -pedantic -pedantic-errors -Wall -Wextra -Wshadow -Wmissing-prototypes -Wdeclaration-after-statement -Wunused -Wfloat-equal -Wpointer-arith -Wwrite-strings -Wformat-security -Wmissing-format-attribute -Wundef -fPIC -DWITH_STACK_PROTECTOR   -fstack-protector -o CMakeFiles/cmTC_fe3af.dir/src.c.o   -c /home/jacob/Repos/ECEN5013_Project2/3rd-party/build-Debug/cmocka/CMakeFiles/CMakeTmp/src.c
/home/jacob/Repos/ECEN5013_Project2/3rd-party/build-Debug/cmocka/CMakeFiles/CMakeTmp/src.c: In function ‘main’:
/home/jacob/Repos/ECEN5013_Project2/3rd-party/build-Debug/cmocka/CMakeFiles/CMakeTmp/src.c:1:27: error: unused parameter ‘argv’ [-Werror=unused-parameter]
 int main(int argc, char **argv) { char buffer[256]; return buffer[argc]=0;}
                           ^
cc1: all warnings being treated as errors
CMakeFiles/cmTC_fe3af.dir/build.make:65: recipe for target 'CMakeFiles/cmTC_fe3af.dir/src.c.o' failed
make[3]: *** [CMakeFiles/cmTC_fe3af.dir/src.c.o] Error 1
make[3]: Leaving directory '/home/jacob/Repos/ECEN5013_Project2/3rd-party/build-Debug/cmocka/CMakeFiles/CMakeTmp'
Makefile:126: recipe for target 'cmTC_fe3af/fast' failed
make[2]: *** [cmTC_fe3af/fast] Error 2
make[2]: Leaving directory '/home/jacob/Repos/ECEN5013_Project2/3rd-party/build-Debug/cmocka/CMakeFiles/CMakeTmp'

Source file was:
int main(int argc, char **argv) { char buffer[256]; return buffer[argc]=0;}
Determining if the include file io.h exists failed with the following output:
Change Dir: /home/jacob/Repos/ECEN5013_Project2/3rd-party/build-Debug/cmocka/CMakeFiles/CMakeTmp

Run Build Command:"/usr/bin/make" "cmTC_929ac/fast"
make[2]: Entering directory '/home/jacob/Repos/ECEN5013_Project2/3rd-party/build-Debug/cmocka/CMakeFiles/CMakeTmp'
/usr/bin/make -f CMakeFiles/cmTC_929ac.dir/build.make CMakeFiles/cmTC_929ac.dir/build
make[3]: Entering directory '/home/jacob/Repos/ECEN5013_Project2/3rd-party/build-Debug/cmocka/CMakeFiles/CMakeTmp'
Building C object CMakeFiles/cmTC_929ac.dir/CheckIncludeFile.c.o
/usr/bin/cc    -std=c99 -Wall -Werror -g -O0 -I 3rd-party/build-Debug/include  -std=gnu99 -pedantic -pedantic-errors -Wall -Wextra -Wshadow -Wmissing-prototypes -Wdeclaration-after-statement -Wunused -Wfloat-equal -Wpointer-arith -Wwrite-strings -Wformat-security -Wmissing-format-attribute -Wundef -fPIC -D_GNU_SOURCE -D_LARGEFILE64_SOURCE    -o CMakeFiles/cmTC_929ac.dir/CheckIncludeFile.c.o   -c /home/jacob/Repos/ECEN5013_Project2/3rd-party/build-Debug/cmocka/CMakeFiles/CMakeTmp/CheckIncludeFile.c
/home/jacob/Repos/ECEN5013_Project2/3rd-party/build-Debug/cmocka/CMakeFiles/CMakeTmp/CheckIncludeFile.c:1:16: fatal error: io.h: No such file or directory
compilation terminated.
CMakeFiles/cmTC_929ac.dir/build.make:65: recipe for target 'CMakeFiles/cmTC_929ac.dir/CheckIncludeFile.c.o' failed
make[3]: *** [CMakeFiles/cmTC_929ac.dir/CheckIncludeFile.c.o] Error 1
make[3]: Leaving directory '/home/jacob/Repos/ECEN5013_Project2/3rd-party/build-Debug/cmocka/CMakeFiles/CMakeTmp'
Makefile:126: recipe for target 'cmTC_929ac/fast' failed
make[2]: *** [cmTC_929ac/fast] Error 2
make[2]: Leaving directory '/home/jacob/Repos/ECEN5013_Project2/3rd-party/build-Debug/cmocka/CMakeFiles/CMakeTmp'


Determining if the function calloc exists failed with the following output:
Change Dir: /home/jacob/Repos/ECEN5013_Project2/3rd-party/build-Debug/cmocka/CMakeFiles/CMakeTmp

Run Build Command:"/usr/bin/make" "cmTC_c4ce7/fast"
make[2]: Entering directory '/home/jacob/Repos/ECEN5013_Project2/3rd-party/build-Debug/cmocka/CMakeFiles/CMakeTmp'
/usr/bin/make -f CMakeFiles/cmTC_c4ce7.dir/build.make CMakeFiles/cmTC_c4ce7.dir/build
make[3]: Entering directory '/home/jacob/Repos/ECEN5013_Project2/3rd-party/build-Debug/cmocka/CMakeFiles/CMakeTmp'
Building C object CMakeFiles/cmTC_c4ce7.dir/CheckFunctionExists.c.o
/usr/bin/cc    -std=c99 -Wall -Werror -g -O0 -I 3rd-party/build-Debug/include  -std=gnu99 -pedantic -pedantic-errors -Wall -Wextra -Wshadow -Wmissing-prototypes -Wdeclaration-after-statement -Wunused -Wfloat-equal -Wpointer-arith -Wwrite-strings -Wformat-security -Wmissing-format-attribute -Wundef -fPIC -D_GNU_SOURCE -D_LARGEFILE64_SOURCE -DCHECK_FUNCTION_EXISTS=calloc   -o CMakeFiles/cmTC_c4ce7.dir/CheckFunctionExists.c.o   -c /usr/share/cmake-3.5/Modules/CheckFunctionExists.c
<command-line>:0:23: error: conflicting types for built-in function ‘calloc’ [-Werror]
/usr/share/cmake-3.5/Modules/CheckFunctionExists.c:6:6: note: in expansion of macro ‘CHECK_FUNCTION_EXISTS’
 char CHECK_FUNCTION_EXISTS();
      ^
cc1: all warnings being treated as errors
CMakeFiles/cmTC_c4ce7.dir/build.make:65: recipe for target 'CMakeFiles/cmTC_c4ce7.dir/CheckFunctionExists.c.o' failed
make[3]: *** [CMakeFiles/cmTC_c4ce7.dir/CheckFunctionExists.c.o] Error 1
make[3]: Leaving directory '/home/jacob/Repos/ECEN5013_Project2/3rd-party/build-Debug/cmocka/CMakeFiles/CMakeTmp'
Makefile:126: recipe for target 'cmTC_c4ce7/fast' failed
make[2]: *** [cmTC_c4ce7/fast] Error 2
make[2]: Leaving directory '/home/jacob/Repos/ECEN5013_Project2/3rd-party/build-Debug/cmocka/CMakeFiles/CMakeTmp'


Determining if the function exit exists failed with the following output:
Change Dir: /home/jacob/Repos/ECEN5013_Project2/3rd-party/build-Debug/cmocka/CMakeFiles/CMakeTmp

Run Build Command:"/usr/bin/make" "cmTC_e8ab6/fast"
make[2]: Entering directory '/home/jacob/Repos/ECEN5013_Project2/3rd-party/build-Debug/cmocka/CMakeFiles/CMakeTmp'
/usr/bin/make -f CMakeFiles/cmTC_e8ab6.dir/build.make CMakeFiles/cmTC_e8ab6.dir/build
make[3]: Entering directory '/home/jacob/Repos/ECEN5013_Project2/3rd-party/build-Debug/cmocka/CMakeFiles/CMakeTmp'
Building C object CMakeFiles/cmTC_e8ab6.dir/CheckFunctionExists.c.o
/usr/bin/cc    -std=c99 -Wall -Werror -g -O0 -I 3rd-party/build-Debug/include  -std=gnu99 -pedantic -pedantic-errors -Wall -Wextra -Wshadow -Wmissing-prototypes -Wdeclaration-after-statement -Wunused -Wfloat-equal -Wpointer-arith -Wwrite-strings -Wformat-security -Wmissing-format-attribute -Wundef -fPIC -D_GNU_SOURCE -D_LARGEFILE64_SOURCE -DCHECK_FUNCTION_EXISTS=exit   -o CMakeFiles/cmTC_e8ab6.dir/CheckFunctionExists.c.o   -c /usr/share/cmake-3.5/Modules/CheckFunctionExists.c
<command-line>:0:23: error: conflicting types for built-in function ‘exit’ [-Werror]
/usr/share/cmake-3.5/Modules/CheckFunctionExists.c:6:6: note: in expansion of macro ‘CHECK_FUNCTION_EXISTS’
 char CHECK_FUNCTION_EXISTS();
      ^
cc1: all warnings being treated as errors
CMakeFiles/cmTC_e8ab6.dir/build.make:65: recipe for target 'CMakeFiles/cmTC_e8ab6.dir/CheckFunctionExists.c.o' failed
make[3]: *** [CMakeFiles/cmTC_e8ab6.dir/CheckFunctionExists.c.o] Error 1
make[3]: Leaving directory '/home/jacob/Repos/ECEN5013_Project2/3rd-party/build-Debug/cmocka/CMakeFiles/CMakeTmp'
Makefile:126: recipe for target 'cmTC_e8ab6/fast' failed
make[2]: *** [cmTC_e8ab6/fast] Error 2
make[2]: Leaving directory '/home/jacob/Repos/ECEN5013_Project2/3rd-party/build-Debug/cmocka/CMakeFiles/CMakeTmp'


Determining if the function fprintf exists failed with the following output:
Change Dir: /home/jacob/Repos/ECEN5013_Project2/3rd-party/build-Debug/cmocka/CMakeFiles/CMakeTmp

Run Build Command:"/usr/bin/make" "cmTC_cbe09/fast"
make[2]: Entering directory '/home/jacob/Repos/ECEN5013_Project2/3rd-party/build-Debug/cmocka/CMakeFiles/CMakeTmp'
/usr/bin/make -f CMakeFiles/cmTC_cbe09.dir/build.make CMakeFiles/cmTC_cbe09.dir/build
make[3]: Entering directory '/home/jacob/Repos/ECEN5013_Project2/3rd-party/build-Debug/cmocka/CMakeFiles/CMakeTmp'
Building C object CMakeFiles/cmTC_cbe09.dir/CheckFunctionExists.c.o
/usr/bin/cc    -std=c99 -Wall -Werror -g -O0 -I 3rd-party/build-Debug/include  -std=gnu99 -pedantic -pedantic-errors -Wall -Wextra -Wshadow -Wmissing-prototypes -Wdeclaration-after-statement -Wunused -Wfloat-equal -Wpointer-arith -Wwrite-strings -Wformat-security -Wmissing-format-attribute -Wundef -fPIC -D_GNU_SOURCE -D_LARGEFILE64_SOURCE -DCHECK_FUNCTION_EXISTS=fprintf   -o CMakeFiles/cmTC_cbe09.dir/CheckFunctionExists.c.o   -c /usr/share/cmake-3.5/Modules/CheckFunctionExists.c
<command-line>:0:23: error: conflicting types for built-in function ‘fprintf’ [-Werror]
/usr/share/cmake-3.5/Modules/CheckFunctionExists.c:6:6: note: in expansion of macro ‘CHECK_FUNCTION_EXISTS’
 char CHECK_FUNCTION_EXISTS();
      ^
cc1: all warnings being treated as errors
CMakeFiles/cmTC_cbe09.dir/build.make:65: recipe for target 'CMakeFiles/cmTC_cbe09.dir/CheckFunctionExists.c.o' failed
make[3]: *** [CMakeFiles/cmTC_cbe09.dir/CheckFunctionExists.c.o] Error 1
make[3]: Leaving directory '/home/jacob/Repos/ECEN5013_Project2/3rd-party/build-Debug/cmocka/CMakeFiles/CMakeTmp'
Makefile:126: recipe for target 'cmTC_cbe09/fast' failed
make[2]: *** [cmTC_cbe09/fast] Error 2
make[2]: Leaving directory '/home/jacob/Repos/ECEN5013_Project2/3rd-party/build-Debug/cmocka/CMakeFiles/CMakeTmp'


Determining if the function free exists failed with the following output:
Change Dir: /home/jacob/Repos/ECEN5013_Project2/3rd-party/build-Debug/cmocka/CMakeFiles/CMakeTmp

Run Build Command:"/usr/bin/make" "cmTC_50ea7/fast"
make[2]: Entering directory '/home/jacob/Repos/ECEN5013_Project2/3rd-party/build-Debug/cmocka/CMakeFiles/CMakeTmp'
/usr/bin/make -f CMakeFiles/cmTC_50ea7.dir/build.make CMakeFiles/cmTC_50ea7.dir/build
make[3]: Entering directory '/home/jacob/Repos/ECEN5013_Project2/3rd-party/build-Debug/cmocka/CMakeFiles/CMakeTmp'
Building C object CMakeFiles/cmTC_50ea7.dir/CheckFunctionExists.c.o
/usr/bin/cc    -std=c99 -Wall -Werror -g -O0 -I 3rd-party/build-Debug/include  -std=gnu99 -pedantic -pedantic-errors -Wall -Wextra -Wshadow -Wmissing-prototypes -Wdeclaration-after-statement -Wunused -Wfloat-equal -Wpointer-arith -Wwrite-strings -Wformat-security -Wmissing-format-attribute -Wundef -fPIC -D_GNU_SOURCE -D_LARGEFILE64_SOURCE -DCHECK_FUNCTION_EXISTS=free   -o CMakeFiles/cmTC_50ea7.dir/CheckFunctionExists.c.o   -c /usr/share/cmake-3.5/Modules/CheckFunctionExists.c
<command-line>:0:23: error: conflicting types for built-in function ‘free’ [-Werror]
/usr/share/cmake-3.5/Modules/CheckFunctionExists.c:6:6: note: in expansion of macro ‘CHECK_FUNCTION_EXISTS’
 char CHECK_FUNCTION_EXISTS();
      ^
cc1: all warnings being treated as errors
CMakeFiles/cmTC_50ea7.dir/build.make:65: recipe for target 'CMakeFiles/cmTC_50ea7.dir/CheckFunctionExists.c.o' failed
make[3]: *** [CMakeFiles/cmTC_50ea7.dir/CheckFunctionExists.c.o] Error 1
make[3]: Leaving directory '/home/jacob/Repos/ECEN5013_Project2/3rd-party/build-Debug/cmocka/CMakeFiles/CMakeTmp'
Makefile:126: recipe for target 'cmTC_50ea7/fast' failed
make[2]: *** [cmTC_50ea7/fast] Error 2
make[2]: Leaving directory '/home/jacob/Repos/ECEN5013_Project2/3rd-party/build-Debug/cmocka/CMakeFiles/CMakeTmp'


Determining if the function malloc exists failed with the following output:
Change Dir: /home/jacob/Repos/ECEN5013_Project2/3rd-party/build-Debug/cmocka/CMakeFiles/CMakeTmp

Run Build Command:"/usr/bin/make" "cmTC_0f3e4/fast"
make[2]: Entering directory '/home/jacob/Repos/ECEN5013_Project2/3rd-party/build-Debug/cmocka/CMakeFiles/CMakeTmp'
/usr/bin/make -f CMakeFiles/cmTC_0f3e4.dir/build.make CMakeFiles/cmTC_0f3e4.dir/build
make[3]: Entering directory '/home/jacob/Repos/ECEN5013_Project2/3rd-party/build-Debug/cmocka/CMakeFiles/CMakeTmp'
Building C object CMakeFiles/cmTC_0f3e4.dir/CheckFunctionExists.c.o
/usr/bin/cc    -std=c99 -Wall -Werror -g -O0 -I 3rd-party/build-Debug/include  -std=gnu99 -pedantic -pedantic-errors -Wall -Wextra -Wshadow -Wmissing-prototypes -Wdeclaration-after-statement -Wunused -Wfloat-equal -Wpointer-arith -Wwrite-strings -Wformat-security -Wmissing-format-attribute -Wundef -fPIC -D_GNU_SOURCE -D_LARGEFILE64_SOURCE -DCHECK_FUNCTION_EXISTS=malloc   -o CMakeFiles/cmTC_0f3e4.dir/CheckFunctionExists.c.o   -c /usr/share/cmake-3.5/Modules/CheckFunctionExists.c
<command-line>:0:23: error: conflicting types for built-in function ‘malloc’ [-Werror]
/usr/share/cmake-3.5/Modules/CheckFunctionExists.c:6:6: note: in expansion of macro ‘CHECK_FUNCTION_EXISTS’
 char CHECK_FUNCTION_EXISTS();
      ^
cc1: all warnings being treated as errors
CMakeFiles/cmTC_0f3e4.dir/build.make:65: recipe for target 'CMakeFiles/cmTC_0f3e4.dir/CheckFunctionExists.c.o' failed
make[3]: *** [CMakeFiles/cmTC_0f3e4.dir/CheckFunctionExists.c.o] Error 1
make[3]: Leaving directory '/home/jacob/Repos/ECEN5013_Project2/3rd-party/build-Debug/cmocka/CMakeFiles/CMakeTmp'
Makefile:126: recipe for target 'cmTC_0f3e4/fast' failed
make[2]: *** [cmTC_0f3e4/fast] Error 2
make[2]: Leaving directory '/home/jacob/Repos/ECEN5013_Project2/3rd-party/build-Debug/cmocka/CMakeFiles/CMakeTmp'


Determining if the function memcpy exists failed with the following output:
Change Dir: /home/jacob/Repos/ECEN5013_Project2/3rd-party/build-Debug/cmocka/CMakeFiles/CMakeTmp

Run Build Command:"/usr/bin/make" "cmTC_da6dd/fast"
make[2]: Entering directory '/home/jacob/Repos/ECEN5013_Project2/3rd-party/build-Debug/cmocka/CMakeFiles/CMakeTmp'
/usr/bin/make -f CMakeFiles/cmTC_da6dd.dir/build.make CMakeFiles/cmTC_da6dd.dir/build
make[3]: Entering directory '/home/jacob/Repos/ECEN5013_Project2/3rd-party/build-Debug/cmocka/CMakeFiles/CMakeTmp'
Building C object CMakeFiles/cmTC_da6dd.dir/CheckFunctionExists.c.o
/usr/bin/cc    -std=c99 -Wall -Werror -g -O0 -I 3rd-party/build-Debug/include  -std=gnu99 -pedantic -pedantic-errors -Wall -Wextra -Wshadow -Wmissing-prototypes -Wdeclaration-after-statement -Wunused -Wfloat-equal -Wpointer-arith -Wwrite-strings -Wformat-security -Wmissing-format-attribute -Wundef -fPIC -D_GNU_SOURCE -D_LARGEFILE64_SOURCE -DCHECK_FUNCTION_EXISTS=memcpy   -o CMakeFiles/cmTC_da6dd.dir/CheckFunctionExists.c.o   -c /usr/share/cmake-3.5/Modules/CheckFunctionExists.c
<command-line>:0:23: error: conflicting types for built-in function ‘memcpy’ [-Werror]
/usr/share/cmake-3.5/Modules/CheckFunctionExists.c:6:6: note: in expansion of macro ‘CHECK_FUNCTION_EXISTS’
 char CHECK_FUNCTION_EXISTS();
      ^
cc1: all warnings being treated as errors
CMakeFiles/cmTC_da6dd.dir/build.make:65: recipe for target 'CMakeFiles/cmTC_da6dd.dir/CheckFunctionExists.c.o' failed
make[3]: *** [CMakeFiles/cmTC_da6dd.dir/CheckFunctionExists.c.o] Error 1
make[3]: Leaving directory '/home/jacob/Repos/ECEN5013_Project2/3rd-party/build-Debug/cmocka/CMakeFiles/CMakeTmp'
Makefile:126: recipe for target 'cmTC_da6dd/fast' failed
make[2]: *** [cmTC_da6dd/fast] Error 2
make[2]: Leaving directory '/home/jacob/Repos/ECEN5013_Project2/3rd-party/build-Debug/cmocka/CMakeFiles/CMakeTmp'


Determining if the function memset exists failed with the following output:
Change Dir: /home/jacob/Repos/ECEN5013_Project2/3rd-party/build-Debug/cmocka/CMakeFiles/CMakeTmp

Run Build Command:"/usr/bin/make" "cmTC_c1117/fast"
make[2]: Entering directory '/home/jacob/Repos/ECEN5013_Project2/3rd-party/build-Debug/cmocka/CMakeFiles/CMakeTmp'
/usr/bin/make -f CMakeFiles/cmTC_c1117.dir/build.make CMakeFiles/cmTC_c1117.dir/build
make[3]: Entering directory '/home/jacob/Repos/ECEN5013_Project2/3rd-party/build-Debug/cmocka/CMakeFiles/CMakeTmp'
Building C object CMakeFiles/cmTC_c1117.dir/CheckFunctionExists.c.o
/usr/bin/cc    -std=c99 -Wall -Werror -g -O0 -I 3rd-party/build-Debug/include  -std=gnu99 -pedantic -pedantic-errors -Wall -Wextra -Wshadow -Wmissing-prototypes -Wdeclaration-after-statement -Wunused -Wfloat-equal -Wpointer-arith -Wwrite-strings -Wformat-security -Wmissing-format-attribute -Wundef -fPIC -D_GNU_SOURCE -D_LARGEFILE64_SOURCE -DCHECK_FUNCTION_EXISTS=memset   -o CMakeFiles/cmTC_c1117.dir/CheckFunctionExists.c.o   -c /usr/share/cmake-3.5/Modules/CheckFunctionExists.c
<command-line>:0:23: error: conflicting types for built-in function ‘memset’ [-Werror]
/usr/share/cmake-3.5/Modules/CheckFunctionExists.c:6:6: note: in expansion of macro ‘CHECK_FUNCTION_EXISTS’
 char CHECK_FUNCTION_EXISTS();
      ^
cc1: all warnings being treated as errors
CMakeFiles/cmTC_c1117.dir/build.make:65: recipe for target 'CMakeFiles/cmTC_c1117.dir/CheckFunctionExists.c.o' failed
make[3]: *** [CMakeFiles/cmTC_c1117.dir/CheckFunctionExists.c.o] Error 1
make[3]: Leaving directory '/home/jacob/Repos/ECEN5013_Project2/3rd-party/build-Debug/cmocka/CMakeFiles/CMakeTmp'
Makefile:126: recipe for target 'cmTC_c1117/fast' failed
make[2]: *** [cmTC_c1117/fast] Error 2
make[2]: Leaving directory '/home/jacob/Repos/ECEN5013_Project2/3rd-party/build-Debug/cmocka/CMakeFiles/CMakeTmp'


Determining if the function printf exists failed with the following output:
Change Dir: /home/jacob/Repos/ECEN5013_Project2/3rd-party/build-Debug/cmocka/CMakeFiles/CMakeTmp

Run Build Command:"/usr/bin/make" "cmTC_a9e13/fast"
make[2]: Entering directory '/home/jacob/Repos/ECEN5013_Project2/3rd-party/build-Debug/cmocka/CMakeFiles/CMakeTmp'
/usr/bin/make -f CMakeFiles/cmTC_a9e13.dir/build.make CMakeFiles/cmTC_a9e13.dir/build
make[3]: Entering directory '/home/jacob/Repos/ECEN5013_Project2/3rd-party/build-Debug/cmocka/CMakeFiles/CMakeTmp'
Building C object CMakeFiles/cmTC_a9e13.dir/CheckFunctionExists.c.o
/usr/bin/cc    -std=c99 -Wall -Werror -g -O0 -I 3rd-party/build-Debug/include  -std=gnu99 -pedantic -pedantic-errors -Wall -Wextra -Wshadow -Wmissing-prototypes -Wdeclaration-after-statement -Wunused -Wfloat-equal -Wpointer-arith -Wwrite-strings -Wformat-security -Wmissing-format-attribute -Wundef -fPIC -D_GNU_SOURCE -D_LARGEFILE64_SOURCE -DCHECK_FUNCTION_EXISTS=printf   -o CMakeFiles/cmTC_a9e13.dir/CheckFunctionExists.c.o   -c /usr/share/cmake-3.5/Modules/CheckFunctionExists.c
<command-line>:0:23: error: conflicting types for built-in function ‘printf’ [-Werror]
/usr/share/cmake-3.5/Modules/CheckFunctionExists.c:6:6: note: in expansion of macro ‘CHECK_FUNCTION_EXISTS’
 char CHECK_FUNCTION_EXISTS();
      ^
cc1: all warnings being treated as errors
CMakeFiles/cmTC_a9e13.dir/build.make:65: recipe for target 'CMakeFiles/cmTC_a9e13.dir/CheckFunctionExists.c.o' failed
make[3]: *** [CMakeFiles/cmTC_a9e13.dir/CheckFunctionExists.c.o] Error 1
make[3]: Leaving directory '/home/jacob/Repos/ECEN5013_Project2/3rd-party/build-Debug/cmocka/CMakeFiles/CMakeTmp'
Makefile:126: recipe for target 'cmTC_a9e13/fast' failed
make[2]: *** [cmTC_a9e13/fast] Error 2
make[2]: Leaving directory '/home/jacob/Repos/ECEN5013_Project2/3rd-party/build-Debug/cmocka/CMakeFiles/CMakeTmp'


Determining if the function strcmp exists failed with the following output:
Change Dir: /home/jacob/Repos/ECEN5013_Project2/3rd-party/build-Debug/cmocka/CMakeFiles/CMakeTmp

Run Build Command:"/usr/bin/make" "cmTC_a32b8/fast"
make[2]: Entering directory '/home/jacob/Repos/ECEN5013_Project2/3rd-party/build-Debug/cmocka/CMakeFiles/CMakeTmp'
/usr/bin/make -f CMakeFiles/cmTC_a32b8.dir/build.make CMakeFiles/cmTC_a32b8.dir/build
make[3]: Entering directory '/home/jacob/Repos/ECEN5013_Project2/3rd-party/build-Debug/cmocka/CMakeFiles/CMakeTmp'
Building C object CMakeFiles/cmTC_a32b8.dir/CheckFunctionExists.c.o
/usr/bin/cc    -std=c99 -Wall -Werror -g -O0 -I 3rd-party/build-Debug/include  -std=gnu99 -pedantic -pedantic-errors -Wall -Wextra -Wshadow -Wmissing-prototypes -Wdeclaration-after-statement -Wunused -Wfloat-equal -Wpointer-arith -Wwrite-strings -Wformat-security -Wmissing-format-attribute -Wundef -fPIC -D_GNU_SOURCE -D_LARGEFILE64_SOURCE -DCHECK_FUNCTION_EXISTS=strcmp   -o CMakeFiles/cmTC_a32b8.dir/CheckFunctionExists.c.o   -c /usr/share/cmake-3.5/Modules/CheckFunctionExists.c
<command-line>:0:23: error: conflicting types for built-in function ‘strcmp’ [-Werror]
/usr/share/cmake-3.5/Modules/CheckFunctionExists.c:6:6: note: in expansion of macro ‘CHECK_FUNCTION_EXISTS’
 char CHECK_FUNCTION_EXISTS();
      ^
cc1: all warnings being treated as errors
CMakeFiles/cmTC_a32b8.dir/build.make:65: recipe for target 'CMakeFiles/cmTC_a32b8.dir/CheckFunctionExists.c.o' failed
make[3]: *** [CMakeFiles/cmTC_a32b8.dir/CheckFunctionExists.c.o] Error 1
make[3]: Leaving directory '/home/jacob/Repos/ECEN5013_Project2/3rd-party/build-Debug/cmocka/CMakeFiles/CMakeTmp'
Makefile:126: recipe for target 'cmTC_a32b8/fast' failed
make[2]: *** [cmTC_a32b8/fast] Error 2
make[2]: Leaving directory '/home/jacob/Repos/ECEN5013_Project2/3rd-party/build-Debug/cmocka/CMakeFiles/CMakeTmp'


Determining if the function sprintf exists failed with the following output:
Change Dir: /home/jacob/Repos/ECEN5013_Project2/3rd-party/build-Debug/cmocka/CMakeFiles/CMakeTmp

Run Build Command:"/usr/bin/make" "cmTC_d0cac/fast"
make[2]: Entering directory '/home/jacob/Repos/ECEN5013_Project2/3rd-party/build-Debug/cmocka/CMakeFiles/CMakeTmp'
/usr/bin/make -f CMakeFiles/cmTC_d0cac.dir/build.make CMakeFiles/cmTC_d0cac.dir/build
make[3]: Entering directory '/home/jacob/Repos/ECEN5013_Project2/3rd-party/build-Debug/cmocka/CMakeFiles/CMakeTmp'
Building C object CMakeFiles/cmTC_d0cac.dir/CheckFunctionExists.c.o
/usr/bin/cc    -std=c99 -Wall -Werror -g -O0 -I 3rd-party/build-Debug/include  -std=gnu99 -pedantic -pedantic-errors -Wall -Wextra -Wshadow -Wmissing-prototypes -Wdeclaration-after-statement -Wunused -Wfloat-equal -Wpointer-arith -Wwrite-strings -Wformat-security -Wmissing-format-attribute -Wundef -fPIC -D_GNU_SOURCE -D_LARGEFILE64_SOURCE -DCHECK_FUNCTION_EXISTS=sprintf   -o CMakeFiles/cmTC_d0cac.dir/CheckFunctionExists.c.o   -c /usr/share/cmake-3.5/Modules/CheckFunctionExists.c
<command-line>:0:23: error: conflicting types for built-in function ‘sprintf’ [-Werror]
/usr/share/cmake-3.5/Modules/CheckFunctionExists.c:6:6: note: in expansion of macro ‘CHECK_FUNCTION_EXISTS’
 char CHECK_FUNCTION_EXISTS();
      ^
cc1: all warnings being treated as errors
CMakeFiles/cmTC_d0cac.dir/build.make:65: recipe for target 'CMakeFiles/cmTC_d0cac.dir/CheckFunctionExists.c.o' failed
make[3]: *** [CMakeFiles/cmTC_d0cac.dir/CheckFunctionExists.c.o] Error 1
make[3]: Leaving directory '/home/jacob/Repos/ECEN5013_Project2/3rd-party/build-Debug/cmocka/CMakeFiles/CMakeTmp'
Makefile:126: recipe for target 'cmTC_d0cac/fast' failed
make[2]: *** [cmTC_d0cac/fast] Error 2
make[2]: Leaving directory '/home/jacob/Repos/ECEN5013_Project2/3rd-party/build-Debug/cmocka/CMakeFiles/CMakeTmp'


Determining if the function vsnprintf exists failed with the following output:
Change Dir: /home/jacob/Repos/ECEN5013_Project2/3rd-party/build-Debug/cmocka/CMakeFiles/CMakeTmp

Run Build Command:"/usr/bin/make" "cmTC_929ee/fast"
make[2]: Entering directory '/home/jacob/Repos/ECEN5013_Project2/3rd-party/build-Debug/cmocka/CMakeFiles/CMakeTmp'
/usr/bin/make -f CMakeFiles/cmTC_929ee.dir/build.make CMakeFiles/cmTC_929ee.dir/build
make[3]: Entering directory '/home/jacob/Repos/ECEN5013_Project2/3rd-party/build-Debug/cmocka/CMakeFiles/CMakeTmp'
Building C object CMakeFiles/cmTC_929ee.dir/CheckFunctionExists.c.o
/usr/bin/cc    -std=c99 -Wall -Werror -g -O0 -I 3rd-party/build-Debug/include  -std=gnu99 -pedantic -pedantic-errors -Wall -Wextra -Wshadow -Wmissing-prototypes -Wdeclaration-after-statement -Wunused -Wfloat-equal -Wpointer-arith -Wwrite-strings -Wformat-security -Wmissing-format-attribute -Wundef -fPIC -D_GNU_SOURCE -D_LARGEFILE64_SOURCE -DCHECK_FUNCTION_EXISTS=vsnprintf   -o CMakeFiles/cmTC_929ee.dir/CheckFunctionExists.c.o   -c /usr/share/cmake-3.5/Modules/CheckFunctionExists.c
<command-line>:0:23: error: conflicting types for built-in function ‘vsnprintf’ [-Werror]
/usr/share/cmake-3.5/Modules/CheckFunctionExists.c:6:6: note: in expansion of macro ‘CHECK_FUNCTION_EXISTS’
 char CHECK_FUNCTION_EXISTS();
      ^
cc1: all warnings being treated as errors
CMakeFiles/cmTC_929ee.dir/build.make:65: recipe for target 'CMakeFiles/cmTC_929ee.dir/CheckFunctionExists.c.o' failed
make[3]: *** [CMakeFiles/cmTC_929ee.dir/CheckFunctionExists.c.o] Error 1
make[3]: Leaving directory '/home/jacob/Repos/ECEN5013_Project2/3rd-party/build-Debug/cmocka/CMakeFiles/CMakeTmp'
Makefile:126: recipe for target 'cmTC_929ee/fast' failed
make[2]: *** [cmTC_929ee/fast] Error 2
make[2]: Leaving directory '/home/jacob/Repos/ECEN5013_Project2/3rd-party/build-Debug/cmocka/CMakeFiles/CMakeTmp'


Determining if the system is big endian passed with the following output:
Change Dir: /home/jacob/Repos/ECEN5013_Project2/3rd-party/build-Debug/cmocka/CMakeFiles/CMakeTmp

Run Build Command:"/usr/bin/make" "cmTC_8889e/fast"
make[2]: Entering directory '/home/jacob/Repos/ECEN5013_Project2/3rd-party/build-Debug/cmocka/CMakeFiles/CMakeTmp'
/usr/bin/make -f CMakeFiles/cmTC_8889e.dir/build.make CMakeFiles/cmTC_8889e.dir/build
make[3]: Entering directory '/home/jacob/Repos/ECEN5013_Project2/3rd-party/build-Debug/cmocka/CMakeFiles/CMakeTmp'
Building C object CMakeFiles/cmTC_8889e.dir/TestEndianess.c.o
/usr/bin/cc    -std=c99 -Wall -Werror -g -O0 -I 3rd-party/build-Debug/include  -std=gnu99 -pedantic -pedantic-errors -Wall -Wextra -Wshadow -Wmissing-prototypes -Wdeclaration-after-statement -Wunused -Wfloat-equal -Wpointer-arith -Wwrite-strings -Wformat-security -Wmissing-format-attribute -Wundef -fPIC -D_GNU_SOURCE -D_LARGEFILE64_SOURCE    -o CMakeFiles/cmTC_8889e.dir/TestEndianess.c.o   -c /home/jacob/Repos/ECEN5013_Project2/3rd-party/build-Debug/cmocka/CMakeFiles/CMakeTmp/TestEndianess.c
Linking C executable cmTC_8889e
/usr/bin/cmake -E cmake_link_script CMakeFiles/cmTC_8889e.dir/link.txt --verbose=1
/usr/bin/cc  -std=c99 -Wall -Werror -g -O0 -I 3rd-party/build-Debug/include  -std=gnu99 -pedantic -pedantic-errors -Wall -Wextra -Wshadow -Wmissing-prototypes -Wdeclaration-after-statement -Wunused -Wfloat-equal -Wpointer-arith -Wwrite-strings -Wformat-security -Wmissing-format-attribute -Wundef -fPIC -D_GNU_SOURCE -D_LARGEFILE64_SOURCE     CMakeFiles/cmTC_8889e.dir/TestEndianess.c.o  -o cmTC_8889e -rdynamic 
make[3]: Leaving directory '/home/jacob/Repos/ECEN5013_Project2/3rd-party/build-Debug/cmocka/CMakeFiles/CMakeTmp'
make[2]: Leaving directory '/home/jacob/Repos/ECEN5013_Project2/3rd-party/build-Debug/cmocka/CMakeFiles/CMakeTmp'

TestEndianess.c:
/* A 16 bit integer is required. */
typedef unsigned short cmakeint16;

/* On a little endian machine, these 16bit ints will give "THIS IS LITTLE ENDIAN."
   On a big endian machine the characters will be exchanged pairwise. */
const cmakeint16 info_little[] =  {0x4854, 0x5349, 0x4920, 0x2053, 0x494c, 0x5454, 0x454c, 0x4520, 0x444e, 0x4149, 0x2e4e, 0x0000};

/* on a big endian machine, these 16bit ints will give "THIS IS BIG ENDIAN."
   On a little endian machine the characters will be exchanged pairwise. */
const cmakeint16 info_big[] =     {0x5448, 0x4953, 0x2049, 0x5320, 0x4249, 0x4720, 0x454e, 0x4449, 0x414e, 0x2e2e, 0x0000};

#ifdef __CLASSIC_C__
int main(argc, argv) int argc; char *argv[];
#else
int main(int argc, char *argv[])
#endif
{
  int require = 0;
  require += info_little[argc];
  require += info_big[argc];
  (void)argv;
  return require;
}


